<?xml version="1.0" encoding="UTF-8"?>
<!-- Generated by org.testng.reporters.JUnitXMLReporter -->
<testsuite ignored="0" hostname="DESKTOP-7LBR4HI" failures="0" tests="3" name="Test" time="0.095" errors="0" timestamp="2020-12-09T10:20:29 IST">
  <testcase classname="seleniumpractise.prioritytestng" name="addition" time="0.012"/>
  <testcase classname="seleniumpractise.prioritytestng" name="Multiplication" time="0.002"/>
  <testcase classname="seleniumpractise.prioritytestng" name="subtraction" time="0.005"/>
</testsuite> <!-- Test -->
